<?xml version="1.0" encoding="UTF-8"?>
<testsuite name="ru.stqa.training.selenium.MyFirstTest" tests="1" skipped="0" failures="0" errors="0" timestamp="2020-07-12T19:18:33" hostname="Ridiculous" time="51.814">
  <properties/>
  <testcase name="myFirstTest" classname="ru.stqa.training.selenium.MyFirstTest" time="51.814"/>
  <system-out><![CDATA[]]></system-out>
  <system-err><![CDATA[Starting ChromeDriver 83.0.4103.39 (ccbf011cb2d2b19b506d844400483861342c20cd-refs/branch-heads/4103@{#416}) on port 34245
Only local connections are allowed.
Please see https://chromedriver.chromium.org/security-considerations for suggestions on keeping ChromeDriver safe.
ChromeDriver was started successfully.
июл. 12, 2020 10:18:37 PM org.openqa.selenium.remote.ProtocolHandshake createSession
INFO: Detected dialect: W3C
]]></system-err>
</testsuite>
